{"/Users/sanjughandhi/Documents/GitHub/genny-1/src/common/formulas/compiler.ts": {"path":"/Users/sanjughandhi/Documents/GitHub/genny-1/src/common/formulas/compiler.ts","statementMap":{"0":{"start":{"line":1,"column":0},"end":{"line":1,"column":40}},"1":{"start":{"line":3,"column":0},"end":{"line":3,"column":35}},"2":{"start":{"line":4,"column":0},"end":{"line":4,"column":40}},"3":{"start":{"line":8,"column":19},"end":{"line":8,"column":101}},"4":{"start":{"line":8,"column":60},"end":{"line":8,"column":100}},"5":{"start":{"line":10,"column":2},"end":{"line":26,"column":null}},"6":{"start":{"line":11,"column":19},"end":{"line":15,"column":null}},"7":{"start":{"line":12,"column":41},"end":{"line":15,"column":8}},"8":{"start":{"line":18,"column":20},"end":{"line":24,"column":8}},"9":{"start":{"line":20,"column":8},"end":{"line":20,"column":null}},"10":{"start":{"line":20,"column":45},"end":{"line":20,"column":null}},"11":{"start":{"line":21,"column":22},"end":{"line":21,"column":55}},"12":{"start":{"line":22,"column":8},"end":{"line":22,"column":null}},"13":{"start":{"line":23,"column":8},"end":{"line":23,"column":null}},"14":{"start":{"line":25,"column":4},"end":{"line":25,"column":null}},"15":{"start":{"line":7,"column":0},"end":{"line":7,"column":16}},"16":{"start":{"line":30,"column":14},"end":{"line":30,"column":34}},"17":{"start":{"line":31,"column":2},"end":{"line":31,"column":null}},"18":{"start":{"line":29,"column":0},"end":{"line":29,"column":16}},"19":{"start":{"line":35,"column":2},"end":{"line":44,"column":3}},"20":{"start":{"line":39,"column":6},"end":{"line":39,"column":null}},"21":{"start":{"line":41,"column":6},"end":{"line":41,"column":null}},"22":{"start":{"line":43,"column":6},"end":{"line":43,"column":null}},"23":{"start":{"line":48,"column":2},"end":{"line":48,"column":null}},"24":{"start":{"line":48,"column":15},"end":{"line":48,"column":25}},"25":{"start":{"line":52,"column":2},"end":{"line":59,"column":null}},"26":{"start":{"line":53,"column":18},"end":{"line":53,"column":43}},"27":{"start":{"line":54,"column":4},"end":{"line":54,"column":null}},"28":{"start":{"line":54,"column":29},"end":{"line":54,"column":null}},"29":{"start":{"line":55,"column":4},"end":{"line":57,"column":5}},"30":{"start":{"line":56,"column":6},"end":{"line":56,"column":null}},"31":{"start":{"line":58,"column":4},"end":{"line":58,"column":29}},"32":{"start":{"line":63,"column":15},"end":{"line":63,"column":39}},"33":{"start":{"line":65,"column":2},"end":{"line":68,"column":3}},"34":{"start":{"line":66,"column":4},"end":{"line":66,"column":null}},"35":{"start":{"line":66,"column":32},"end":{"line":66,"column":null}},"36":{"start":{"line":67,"column":4},"end":{"line":67,"column":null}},"37":{"start":{"line":70,"column":17},"end":{"line":70,"column":43}},"38":{"start":{"line":72,"column":2},"end":{"line":75,"column":null}},"39":{"start":{"line":73,"column":17},"end":{"line":73,"column":48}},"40":{"start":{"line":73,"column":37},"end":{"line":73,"column":47}},"41":{"start":{"line":74,"column":4},"end":{"line":74,"column":null}}},"fnMap":{"0":{"name":"compileSchema","decl":{"start":{"line":7,"column":16},"end":{"line":7,"column":29}},"loc":{"start":{"line":7,"column":44},"end":{"line":27,"column":1}}},"1":{"name":"(anonymous_1)","decl":{"start":{"line":8,"column":37},"end":{"line":8,"column":38}},"loc":{"start":{"line":8,"column":60},"end":{"line":8,"column":100}}},"2":{"name":"(anonymous_2)","decl":{"start":{"line":10,"column":9},"end":{"line":10,"column":10}},"loc":{"start":{"line":10,"column":15},"end":{"line":26,"column":3}}},"3":{"name":"(anonymous_3)","decl":{"start":{"line":12,"column":19},"end":{"line":12,"column":20}},"loc":{"start":{"line":12,"column":41},"end":{"line":15,"column":8}}},"4":{"name":"(anonymous_4)","decl":{"start":{"line":19,"column":11},"end":{"line":19,"column":12}},"loc":{"start":{"line":19,"column":31},"end":{"line":24,"column":7}}},"5":{"name":"compileFormula","decl":{"start":{"line":29,"column":16},"end":{"line":29,"column":30}},"loc":{"start":{"line":29,"column":45},"end":{"line":32,"column":1}}},"6":{"name":"compileNode","decl":{"start":{"line":34,"column":9},"end":{"line":34,"column":20}},"loc":{"start":{"line":34,"column":34},"end":{"line":45,"column":1}}},"7":{"name":"compileLiteral","decl":{"start":{"line":47,"column":9},"end":{"line":47,"column":23}},"loc":{"start":{"line":47,"column":41},"end":{"line":49,"column":1}}},"8":{"name":"(anonymous_8)","decl":{"start":{"line":48,"column":9},"end":{"line":48,"column":12}},"loc":{"start":{"line":48,"column":15},"end":{"line":48,"column":25}}},"9":{"name":"compileField","decl":{"start":{"line":51,"column":9},"end":{"line":51,"column":21}},"loc":{"start":{"line":51,"column":37},"end":{"line":60,"column":1}}},"10":{"name":"(anonymous_10)","decl":{"start":{"line":52,"column":9},"end":{"line":52,"column":10}},"loc":{"start":{"line":52,"column":33},"end":{"line":59,"column":3}}},"11":{"name":"compileFunc","decl":{"start":{"line":62,"column":9},"end":{"line":62,"column":20}},"loc":{"start":{"line":62,"column":35},"end":{"line":76,"column":1}}},"12":{"name":"(anonymous_12)","decl":{"start":{"line":72,"column":9},"end":{"line":72,"column":10}},"loc":{"start":{"line":72,"column":33},"end":{"line":75,"column":3}}},"13":{"name":"(anonymous_13)","decl":{"start":{"line":73,"column":28},"end":{"line":73,"column":33}},"loc":{"start":{"line":73,"column":37},"end":{"line":73,"column":47}}}},"branchMap":{"0":{"loc":{"start":{"line":20,"column":8},"end":{"line":20,"column":null}},"type":"if","locations":[{"start":{"line":20,"column":8},"end":{"line":20,"column":null}}]},"1":{"loc":{"start":{"line":35,"column":2},"end":{"line":44,"column":3}},"type":"switch","locations":[{"start":{"line":36,"column":4},"end":{"line":36,"column":16}},{"start":{"line":37,"column":4},"end":{"line":37,"column":15}},{"start":{"line":38,"column":4},"end":{"line":39,"column":null}},{"start":{"line":40,"column":4},"end":{"line":41,"column":null}},{"start":{"line":42,"column":4},"end":{"line":43,"column":null}}]},"2":{"loc":{"start":{"line":54,"column":4},"end":{"line":54,"column":null}},"type":"if","locations":[{"start":{"line":54,"column":4},"end":{"line":54,"column":null}}]},"3":{"loc":{"start":{"line":55,"column":4},"end":{"line":57,"column":5}},"type":"if","locations":[{"start":{"line":55,"column":4},"end":{"line":57,"column":5}}]},"4":{"loc":{"start":{"line":65,"column":2},"end":{"line":68,"column":3}},"type":"if","locations":[{"start":{"line":65,"column":2},"end":{"line":68,"column":3}}]},"5":{"loc":{"start":{"line":66,"column":4},"end":{"line":66,"column":null}},"type":"if","locations":[{"start":{"line":66,"column":4},"end":{"line":66,"column":null}}]}},"s":{"0":1,"1":1,"2":1,"3":0,"4":0,"5":0,"6":0,"7":0,"8":0,"9":0,"10":0,"11":0,"12":0,"13":0,"14":0,"15":1,"16":1,"17":1,"18":1,"19":1,"20":0,"21":0,"22":1,"23":0,"24":0,"25":0,"26":0,"27":0,"28":0,"29":0,"30":0,"31":0,"32":1,"33":1,"34":0,"35":0,"36":0,"37":1,"38":1,"39":1,"40":0,"41":1},"f":{"0":0,"1":0,"2":0,"3":0,"4":0,"5":1,"6":1,"7":0,"8":0,"9":0,"10":0,"11":1,"12":1,"13":0},"b":{"0":[0],"1":[0,0,0,0,1],"2":[0],"3":[0],"4":[0],"5":[0]}}
,"/Users/sanjughandhi/Documents/GitHub/genny-1/src/common/formulas/errors.ts": {"path":"/Users/sanjughandhi/Documents/GitHub/genny-1/src/common/formulas/errors.ts","statementMap":{"0":{"start":{"line":3,"column":4},"end":{"line":3,"column":null}},"1":{"start":{"line":1,"column":0},"end":{"line":1,"column":13}}},"fnMap":{"0":{"name":"(anonymous_0)","decl":{"start":{"line":2,"column":2},"end":{"line":2,"column":14}},"loc":{"start":{"line":2,"column":29},"end":{"line":4,"column":3}}}},"branchMap":{},"s":{"0":0,"1":1},"f":{"0":0},"b":{}}
,"/Users/sanjughandhi/Documents/GitHub/genny-1/src/common/formulas/functions.ts": {"path":"/Users/sanjughandhi/Documents/GitHub/genny-1/src/common/formulas/functions.ts","statementMap":{"0":{"start":{"line":1,"column":0},"end":{"line":1,"column":43}},"1":{"start":{"line":2,"column":0},"end":{"line":2,"column":38}},"2":{"start":{"line":3,"column":0},"end":{"line":3,"column":39}},"3":{"start":{"line":5,"column":0},"end":{"line":5,"column":29}},"4":{"start":{"line":10,"column":2},"end":{"line":19,"column":3}},"5":{"start":{"line":12,"column":6},"end":{"line":12,"column":null}},"6":{"start":{"line":14,"column":6},"end":{"line":14,"column":null}},"7":{"start":{"line":16,"column":6},"end":{"line":16,"column":null}},"8":{"start":{"line":18,"column":6},"end":{"line":18,"column":null}},"9":{"start":{"line":52,"column":20},"end":{"line":52,"column":32}},"10":{"start":{"line":53,"column":21},"end":{"line":53,"column":30}},"11":{"start":{"line":55,"column":21},"end":{"line":55,"column":34}},"12":{"start":{"line":56,"column":21},"end":{"line":56,"column":41}},"13":{"start":{"line":58,"column":4},"end":{"line":58,"column":null}},"14":{"start":{"line":62,"column":23},"end":{"line":62,"column":28}},"15":{"start":{"line":63,"column":4},"end":{"line":74,"column":5}},"16":{"start":{"line":63,"column":17},"end":{"line":63,"column":18}},"17":{"start":{"line":64,"column":20},"end":{"line":64,"column":34}},"18":{"start":{"line":65,"column":6},"end":{"line":69,"column":7}},"19":{"start":{"line":66,"column":8},"end":{"line":66,"column":null}},"20":{"start":{"line":67,"column":13},"end":{"line":69,"column":7}},"21":{"start":{"line":68,"column":8},"end":{"line":68,"column":null}},"22":{"start":{"line":71,"column":6},"end":{"line":73,"column":7}},"23":{"start":{"line":72,"column":8},"end":{"line":72,"column":null}},"24":{"start":{"line":79,"column":18},"end":{"line":79,"column":27}},"25":{"start":{"line":81,"column":4},"end":{"line":103,"column":5}},"26":{"start":{"line":81,"column":17},"end":{"line":81,"column":18}},"27":{"start":{"line":82,"column":20},"end":{"line":82,"column":34}},"28":{"start":{"line":83,"column":18},"end":{"line":83,"column":31}},"29":{"start":{"line":85,"column":6},"end":{"line":88,"column":7}},"30":{"start":{"line":86,"column":8},"end":{"line":86,"column":36}},"31":{"start":{"line":86,"column":28},"end":{"line":86,"column":36}},"32":{"start":{"line":87,"column":8},"end":{"line":87,"column":null}},"33":{"start":{"line":90,"column":22},"end":{"line":90,"column":39}},"34":{"start":{"line":91,"column":6},"end":{"line":93,"column":7}},"35":{"start":{"line":92,"column":8},"end":{"line":92,"column":null}},"36":{"start":{"line":95,"column":6},"end":{"line":98,"column":7}},"37":{"start":{"line":96,"column":22},"end":{"line":96,"column":36}},"38":{"start":{"line":97,"column":8},"end":{"line":97,"column":null}},"39":{"start":{"line":97,"column":20},"end":{"line":97,"column":null}},"40":{"start":{"line":102,"column":6},"end":{"line":102,"column":53}},"41":{"start":{"line":102,"column":46},"end":{"line":102,"column":53}},"42":{"start":{"line":105,"column":4},"end":{"line":107,"column":5}},"43":{"start":{"line":106,"column":6},"end":{"line":106,"column":null}},"44":{"start":{"line":109,"column":4},"end":{"line":109,"column":16}},"45":{"start":{"line":113,"column":4},"end":{"line":115,"column":5}},"46":{"start":{"line":114,"column":6},"end":{"line":114,"column":null}},"47":{"start":{"line":114,"column":87},"end":{"line":114,"column":93}},"48":{"start":{"line":117,"column":4},"end":{"line":117,"column":null}},"49":{"start":{"line":121,"column":13},"end":{"line":129,"column":null}},"50":{"start":{"line":124,"column":4},"end":{"line":124,"column":48}},"51":{"start":{"line":124,"column":35},"end":{"line":124,"column":48}},"52":{"start":{"line":125,"column":4},"end":{"line":125,"column":87}},"53":{"start":{"line":125,"column":74},"end":{"line":125,"column":87}},"54":{"start":{"line":126,"column":14},"end":{"line":126,"column":29}},"55":{"start":{"line":127,"column":4},"end":{"line":127,"column":89}},"56":{"start":{"line":131,"column":18},"end":{"line":260,"column":null}},"57":{"start":{"line":137,"column":20},"end":{"line":137,"column":23}},"58":{"start":{"line":145,"column":26},"end":{"line":145,"column":61}},"59":{"start":{"line":151,"column":6},"end":{"line":158,"column":7}},"60":{"start":{"line":153,"column":10},"end":{"line":153,"column":null}},"61":{"start":{"line":155,"column":10},"end":{"line":155,"column":null}},"62":{"start":{"line":157,"column":10},"end":{"line":157,"column":null}},"63":{"start":{"line":168,"column":19},"end":{"line":168,"column":32}},"64":{"start":{"line":176,"column":62},"end":{"line":176,"column":70}},"65":{"start":{"line":177,"column":21},"end":{"line":177,"column":58}},"66":{"start":{"line":184,"column":22},"end":{"line":184,"column":59}},"67":{"start":{"line":185,"column":6},"end":{"line":185,"column":null}},"68":{"start":{"line":185,"column":49},"end":{"line":185,"column":107}},"69":{"start":{"line":197,"column":22},"end":{"line":197,"column":51}},"70":{"start":{"line":198,"column":22},"end":{"line":198,"column":49}},"71":{"start":{"line":199,"column":20},"end":{"line":199,"column":37}},"72":{"start":{"line":200,"column":20},"end":{"line":200,"column":37}},"73":{"start":{"line":201,"column":17},"end":{"line":201,"column":68}},"74":{"start":{"line":202,"column":6},"end":{"line":202,"column":null}},"75":{"start":{"line":209,"column":10},"end":{"line":209,"column":34}},"76":{"start":{"line":216,"column":10},"end":{"line":216,"column":67}},"77":{"start":{"line":222,"column":10},"end":{"line":222,"column":67}},"78":{"start":{"line":233,"column":6},"end":{"line":237,"column":7}},"79":{"start":{"line":234,"column":8},"end":{"line":236,"column":9}},"80":{"start":{"line":235,"column":10},"end":{"line":235,"column":null}},"81":{"start":{"line":238,"column":6},"end":{"line":240,"column":7}},"82":{"start":{"line":239,"column":8},"end":{"line":239,"column":null}},"83":{"start":{"line":241,"column":6},"end":{"line":243,"column":7}},"84":{"start":{"line":242,"column":8},"end":{"line":242,"column":null}},"85":{"start":{"line":244,"column":18},"end":{"line":244,"column":69}},"86":{"start":{"line":245,"column":16},"end":{"line":245,"column":52}},"87":{"start":{"line":246,"column":19},"end":{"line":246,"column":21}},"88":{"start":{"line":247,"column":6},"end":{"line":255,"column":7}},"89":{"start":{"line":247,"column":19},"end":{"line":247,"column":20}},"90":{"start":{"line":248,"column":18},"end":{"line":248,"column":59}},"91":{"start":{"line":249,"column":18},"end":{"line":249,"column":57}},"92":{"start":{"line":250,"column":8},"end":{"line":253,"column":9}},"93":{"start":{"line":251,"column":10},"end":{"line":251,"column":18}},"94":{"start":{"line":252,"column":10},"end":{"line":252,"column":20}},"95":{"start":{"line":254,"column":8},"end":{"line":254,"column":82}},"96":{"start":{"line":257,"column":6},"end":{"line":257,"column":30}},"97":{"start":{"line":261,"column":0},"end":{"line":261,"column":null}},"98":{"start":{"line":261,"column":45},"end":{"line":261,"column":62}}},"fnMap":{"0":{"name":"getParamType","decl":{"start":{"line":9,"column":9},"end":{"line":9,"column":21}},"loc":{"start":{"line":9,"column":32},"end":{"line":20,"column":1}}},"1":{"name":"(anonymous_1)","decl":{"start":{"line":51,"column":2},"end":{"line":51,"column":null}},"loc":{"start":{"line":56,"column":41},"end":{"line":59,"column":3}}},"2":{"name":"(anonymous_2)","decl":{"start":{"line":61,"column":10},"end":{"line":61,"column":24}},"loc":{"start":{"line":61,"column":24},"end":{"line":75,"column":3}}},"3":{"name":"(anonymous_3)","decl":{"start":{"line":77,"column":10},"end":{"line":77,"column":22}},"loc":{"start":{"line":77,"column":34},"end":{"line":110,"column":3}}},"4":{"name":"(anonymous_4)","decl":{"start":{"line":112,"column":9},"end":{"line":112,"column":13}},"loc":{"start":{"line":112,"column":46},"end":{"line":118,"column":3}}},"5":{"name":"(anonymous_5)","decl":{"start":{"line":114,"column":82},"end":{"line":114,"column":83}},"loc":{"start":{"line":114,"column":87},"end":{"line":114,"column":93}}},"6":{"name":"(anonymous_6)","decl":{"start":{"line":123,"column":2},"end":{"line":123,"column":3}},"loc":{"start":{"line":123,"column":17},"end":{"line":128,"column":3}}},"7":{"name":"(anonymous_7)","decl":{"start":{"line":137,"column":4},"end":{"line":137,"column":5}},"loc":{"start":{"line":137,"column":20},"end":{"line":137,"column":23}}},"8":{"name":"(anonymous_8)","decl":{"start":{"line":145,"column":10},"end":{"line":145,"column":11}},"loc":{"start":{"line":145,"column":26},"end":{"line":145,"column":61}}},"9":{"name":"(anonymous_9)","decl":{"start":{"line":150,"column":4},"end":{"line":150,"column":5}},"loc":{"start":{"line":150,"column":15},"end":{"line":159,"column":5}}},"10":{"name":"(anonymous_10)","decl":{"start":{"line":168,"column":4},"end":{"line":168,"column":5}},"loc":{"start":{"line":168,"column":19},"end":{"line":168,"column":32}}},"11":{"name":"(anonymous_11)","decl":{"start":{"line":176,"column":57},"end":{"line":176,"column":58}},"loc":{"start":{"line":176,"column":62},"end":{"line":176,"column":70}}},"12":{"name":"(anonymous_12)","decl":{"start":{"line":177,"column":10},"end":{"line":177,"column":11}},"loc":{"start":{"line":177,"column":21},"end":{"line":177,"column":58}}},"13":{"name":"(anonymous_13)","decl":{"start":{"line":182,"column":4},"end":{"line":182,"column":5}},"loc":{"start":{"line":182,"column":21},"end":{"line":186,"column":5}}},"14":{"name":"(anonymous_14)","decl":{"start":{"line":185,"column":43},"end":{"line":185,"column":46}},"loc":{"start":{"line":185,"column":49},"end":{"line":185,"column":107}}},"15":{"name":"(anonymous_15)","decl":{"start":{"line":196,"column":4},"end":{"line":196,"column":5}},"loc":{"start":{"line":196,"column":19},"end":{"line":203,"column":5}}},"16":{"name":"(anonymous_16)","decl":{"start":{"line":209,"column":4},"end":{"line":209,"column":7}},"loc":{"start":{"line":209,"column":10},"end":{"line":209,"column":34}}},"17":{"name":"(anonymous_17)","decl":{"start":{"line":216,"column":4},"end":{"line":216,"column":7}},"loc":{"start":{"line":216,"column":10},"end":{"line":216,"column":67}}},"18":{"name":"(anonymous_18)","decl":{"start":{"line":222,"column":4},"end":{"line":222,"column":7}},"loc":{"start":{"line":222,"column":10},"end":{"line":222,"column":67}}},"19":{"name":"(anonymous_19)","decl":{"start":{"line":231,"column":4},"end":{"line":231,"column":5}},"loc":{"start":{"line":231,"column":13},"end":{"line":258,"column":5}}},"20":{"name":"(anonymous_20)","decl":{"start":{"line":261,"column":37},"end":{"line":261,"column":41}},"loc":{"start":{"line":261,"column":45},"end":{"line":261,"column":62}}}},"branchMap":{"0":{"loc":{"start":{"line":10,"column":2},"end":{"line":19,"column":3}},"type":"switch","locations":[{"start":{"line":11,"column":4},"end":{"line":12,"column":null}},{"start":{"line":13,"column":4},"end":{"line":14,"column":null}},{"start":{"line":15,"column":4},"end":{"line":16,"column":null}},{"start":{"line":17,"column":4},"end":{"line":18,"column":null}}]},"1":{"loc":{"start":{"line":65,"column":6},"end":{"line":69,"column":7}},"type":"if","locations":[{"start":{"line":65,"column":6},"end":{"line":69,"column":7}},{"start":{"line":67,"column":13},"end":{"line":69,"column":7}}]},"2":{"loc":{"start":{"line":65,"column":10},"end":{"line":65,"column":49}},"type":"binary-expr","locations":[{"start":{"line":65,"column":10},"end":{"line":65,"column":33}},{"start":{"line":65,"column":37},"end":{"line":65,"column":49}}]},"3":{"loc":{"start":{"line":67,"column":13},"end":{"line":69,"column":7}},"type":"if","locations":[{"start":{"line":67,"column":13},"end":{"line":69,"column":7}}]},"4":{"loc":{"start":{"line":71,"column":6},"end":{"line":73,"column":7}},"type":"if","locations":[{"start":{"line":71,"column":6},"end":{"line":73,"column":7}}]},"5":{"loc":{"start":{"line":71,"column":10},"end":{"line":71,"column":56}},"type":"binary-expr","locations":[{"start":{"line":71,"column":10},"end":{"line":71,"column":24}},{"start":{"line":71,"column":28},"end":{"line":71,"column":56}}]},"6":{"loc":{"start":{"line":85,"column":6},"end":{"line":88,"column":7}},"type":"if","locations":[{"start":{"line":85,"column":6},"end":{"line":88,"column":7}}]},"7":{"loc":{"start":{"line":86,"column":8},"end":{"line":86,"column":36}},"type":"if","locations":[{"start":{"line":86,"column":8},"end":{"line":86,"column":36}}]},"8":{"loc":{"start":{"line":91,"column":6},"end":{"line":93,"column":7}},"type":"if","locations":[{"start":{"line":91,"column":6},"end":{"line":93,"column":7}}]},"9":{"loc":{"start":{"line":95,"column":37},"end":{"line":95,"column":59}},"type":"binary-expr","locations":[{"start":{"line":95,"column":37},"end":{"line":95,"column":53}},{"start":{"line":95,"column":57},"end":{"line":95,"column":59}}]},"10":{"loc":{"start":{"line":97,"column":8},"end":{"line":97,"column":null}},"type":"if","locations":[{"start":{"line":97,"column":8},"end":{"line":97,"column":null}}]},"11":{"loc":{"start":{"line":102,"column":6},"end":{"line":102,"column":53}},"type":"if","locations":[{"start":{"line":102,"column":6},"end":{"line":102,"column":53}}]},"12":{"loc":{"start":{"line":102,"column":10},"end":{"line":102,"column":44}},"type":"binary-expr","locations":[{"start":{"line":102,"column":10},"end":{"line":102,"column":24}},{"start":{"line":102,"column":28},"end":{"line":102,"column":44}}]},"13":{"loc":{"start":{"line":105,"column":4},"end":{"line":107,"column":5}},"type":"if","locations":[{"start":{"line":105,"column":4},"end":{"line":107,"column":5}}]},"14":{"loc":{"start":{"line":113,"column":4},"end":{"line":115,"column":5}},"type":"if","locations":[{"start":{"line":113,"column":4},"end":{"line":115,"column":5}}]},"15":{"loc":{"start":{"line":124,"column":4},"end":{"line":124,"column":48}},"type":"if","locations":[{"start":{"line":124,"column":4},"end":{"line":124,"column":48}}]},"16":{"loc":{"start":{"line":125,"column":4},"end":{"line":125,"column":87}},"type":"if","locations":[{"start":{"line":125,"column":4},"end":{"line":125,"column":87}}]},"17":{"loc":{"start":{"line":127,"column":11},"end":{"line":127,"column":88}},"type":"binary-expr","locations":[{"start":{"line":127,"column":11},"end":{"line":127,"column":28}},{"start":{"line":127,"column":32},"end":{"line":127,"column":51}},{"start":{"line":127,"column":55},"end":{"line":127,"column":88}}]},"18":{"loc":{"start":{"line":151,"column":6},"end":{"line":158,"column":7}},"type":"switch","locations":[{"start":{"line":152,"column":8},"end":{"line":153,"column":null}},{"start":{"line":154,"column":8},"end":{"line":155,"column":null}},{"start":{"line":156,"column":8},"end":{"line":157,"column":null}}]},"19":{"loc":{"start":{"line":151,"column":13},"end":{"line":151,"column":25}},"type":"binary-expr","locations":[{"start":{"line":151,"column":13},"end":{"line":151,"column":17}},{"start":{"line":151,"column":21},"end":{"line":151,"column":25}}]},"20":{"loc":{"start":{"line":184,"column":31},"end":{"line":184,"column":48}},"type":"binary-expr","locations":[{"start":{"line":184,"column":31},"end":{"line":184,"column":34}},{"start":{"line":184,"column":38},"end":{"line":184,"column":48}}]},"21":{"loc":{"start":{"line":197,"column":31},"end":{"line":197,"column":50}},"type":"binary-expr","locations":[{"start":{"line":197,"column":31},"end":{"line":197,"column":34}},{"start":{"line":197,"column":38},"end":{"line":197,"column":50}}]},"22":{"loc":{"start":{"line":198,"column":31},"end":{"line":198,"column":48}},"type":"binary-expr","locations":[{"start":{"line":198,"column":31},"end":{"line":198,"column":34}},{"start":{"line":198,"column":38},"end":{"line":198,"column":48}}]},"23":{"loc":{"start":{"line":233,"column":6},"end":{"line":237,"column":7}},"type":"if","locations":[{"start":{"line":233,"column":6},"end":{"line":237,"column":7}}]},"24":{"loc":{"start":{"line":233,"column":10},"end":{"line":233,"column":29}},"type":"binary-expr","locations":[{"start":{"line":233,"column":10},"end":{"line":233,"column":17}},{"start":{"line":233,"column":21},"end":{"line":233,"column":29}}]},"25":{"loc":{"start":{"line":234,"column":8},"end":{"line":236,"column":9}},"type":"if","locations":[{"start":{"line":234,"column":8},"end":{"line":236,"column":9}}]},"26":{"loc":{"start":{"line":234,"column":12},"end":{"line":234,"column":213}},"type":"binary-expr","locations":[{"start":{"line":234,"column":13},"end":{"line":234,"column":40}},{"start":{"line":234,"column":46},"end":{"line":234,"column":70}},{"start":{"line":234,"column":76},"end":{"line":234,"column":212}}]},"27":{"loc":{"start":{"line":238,"column":6},"end":{"line":240,"column":7}},"type":"if","locations":[{"start":{"line":238,"column":6},"end":{"line":240,"column":7}}]},"28":{"loc":{"start":{"line":238,"column":10},"end":{"line":238,"column":93}},"type":"binary-expr","locations":[{"start":{"line":238,"column":10},"end":{"line":238,"column":17}},{"start":{"line":238,"column":21},"end":{"line":238,"column":28}},{"start":{"line":238,"column":32},"end":{"line":238,"column":93}}]},"29":{"loc":{"start":{"line":241,"column":6},"end":{"line":243,"column":7}},"type":"if","locations":[{"start":{"line":241,"column":6},"end":{"line":243,"column":7}}]},"30":{"loc":{"start":{"line":241,"column":10},"end":{"line":241,"column":93}},"type":"binary-expr","locations":[{"start":{"line":241,"column":10},"end":{"line":241,"column":17}},{"start":{"line":241,"column":21},"end":{"line":241,"column":28}},{"start":{"line":241,"column":32},"end":{"line":241,"column":93}}]},"31":{"loc":{"start":{"line":244,"column":18},"end":{"line":244,"column":69}},"type":"cond-expr","locations":[{"start":{"line":244,"column":28},"end":{"line":244,"column":46}},{"start":{"line":244,"column":49},"end":{"line":244,"column":69}}]},"32":{"loc":{"start":{"line":245,"column":16},"end":{"line":245,"column":52}},"type":"cond-expr","locations":[{"start":{"line":245,"column":26},"end":{"line":245,"column":44}},{"start":{"line":245,"column":47},"end":{"line":245,"column":52}}]},"33":{"loc":{"start":{"line":248,"column":18},"end":{"line":248,"column":59}},"type":"cond-expr","locations":[{"start":{"line":248,"column":37},"end":{"line":248,"column":38}},{"start":{"line":248,"column":41},"end":{"line":248,"column":59}}]},"34":{"loc":{"start":{"line":249,"column":18},"end":{"line":249,"column":57}},"type":"cond-expr","locations":[{"start":{"line":249,"column":35},"end":{"line":249,"column":38}},{"start":{"line":249,"column":41},"end":{"line":249,"column":57}}]},"35":{"loc":{"start":{"line":250,"column":8},"end":{"line":253,"column":9}},"type":"if","locations":[{"start":{"line":250,"column":8},"end":{"line":253,"column":9}}]},"36":{"loc":{"start":{"line":250,"column":12},"end":{"line":250,"column":47}},"type":"binary-expr","locations":[{"start":{"line":250,"column":12},"end":{"line":250,"column":19}},{"start":{"line":250,"column":23},"end":{"line":250,"column":34}},{"start":{"line":250,"column":38},"end":{"line":250,"column":47}}]}},"s":{"0":1,"1":1,"2":1,"3":1,"4":0,"5":0,"6":0,"7":0,"8":0,"9":9,"10":9,"11":9,"12":9,"13":9,"14":9,"15":9,"16":9,"17":8,"18":8,"19":0,"20":8,"21":6,"22":8,"23":0,"24":1,"25":1,"26":1,"27":0,"28":0,"29":0,"30":0,"31":0,"32":0,"33":0,"34":0,"35":0,"36":0,"37":0,"38":0,"39":0,"40":0,"41":0,"42":1,"43":0,"44":1,"45":1,"46":0,"47":0,"48":1,"49":1,"50":0,"51":0,"52":0,"53":0,"54":0,"55":0,"56":1,"57":0,"58":0,"59":0,"60":0,"61":0,"62":0,"63":0,"64":6,"65":0,"66":0,"67":0,"68":0,"69":0,"70":0,"71":0,"72":0,"73":0,"74":0,"75":1,"76":0,"77":0,"78":0,"79":0,"80":0,"81":0,"82":0,"83":0,"84":0,"85":0,"86":0,"87":0,"88":0,"89":0,"90":0,"91":0,"92":0,"93":0,"94":0,"95":0,"96":0,"97":1,"98":9},"f":{"0":0,"1":9,"2":9,"3":1,"4":1,"5":0,"6":0,"7":0,"8":0,"9":0,"10":0,"11":6,"12":0,"13":0,"14":0,"15":0,"16":1,"17":0,"18":0,"19":0,"20":9},"b":{"0":[0,0,0,0],"1":[0,8],"2":[8,2],"3":[6],"4":[0],"5":[8,1],"6":[0],"7":[0],"8":[0],"9":[0,0],"10":[0],"11":[0],"12":[0,0],"13":[0],"14":[0],"15":[0],"16":[0],"17":[0,0,0],"18":[0,0,0],"19":[0,0],"20":[0,0],"21":[0,0],"22":[0,0],"23":[0],"24":[0,0],"25":[0],"26":[0,0,0],"27":[0],"28":[0,0,0],"29":[0],"30":[0,0,0],"31":[0,0],"32":[0,0],"33":[0,0],"34":[0,0],"35":[0],"36":[0,0,0]}}
,"/Users/sanjughandhi/Documents/GitHub/genny-1/src/common/formulas/parser.ts": {"path":"/Users/sanjughandhi/Documents/GitHub/genny-1/src/common/formulas/parser.ts","statementMap":{"0":{"start":{"line":1,"column":0},"end":{"line":1,"column":40}},"1":{"start":{"line":7,"column":2},"end":{"line":7,"column":null}},"2":{"start":{"line":7,"column":27},"end":{"line":7,"column":null}},"3":{"start":{"line":8,"column":24},"end":{"line":8,"column":44}},"4":{"start":{"line":9,"column":2},"end":{"line":9,"column":null}},"5":{"start":{"line":9,"column":22},"end":{"line":9,"column":null}},"6":{"start":{"line":10,"column":2},"end":{"line":10,"column":null}},"7":{"start":{"line":10,"column":23},"end":{"line":10,"column":null}},"8":{"start":{"line":11,"column":2},"end":{"line":11,"column":null}},"9":{"start":{"line":6,"column":0},"end":{"line":6,"column":16}},"10":{"start":{"line":14,"column":14},"end":{"line":14,"column":20}},"11":{"start":{"line":17,"column":33},"end":{"line":17,"column":37}},"12":{"start":{"line":18,"column":2},"end":{"line":21,"column":null}},"13":{"start":{"line":19,"column":4},"end":{"line":19,"column":null}},"14":{"start":{"line":20,"column":4},"end":{"line":20,"column":null}},"15":{"start":{"line":25,"column":2},"end":{"line":25,"column":null}},"16":{"start":{"line":29,"column":2},"end":{"line":36,"column":null}},"17":{"start":{"line":32,"column":16},"end":{"line":36,"column":4}},"18":{"start":{"line":40,"column":2},"end":{"line":52,"column":null}},"19":{"start":{"line":48,"column":19},"end":{"line":48,"column":40}},"20":{"start":{"line":51,"column":15},"end":{"line":51,"column":26}},"21":{"start":{"line":56,"column":2},"end":{"line":59,"column":null}},"22":{"start":{"line":56,"column":34},"end":{"line":59,"column":4}},"23":{"start":{"line":63,"column":2},"end":{"line":63,"column":null}},"24":{"start":{"line":67,"column":2},"end":{"line":67,"column":null}},"25":{"start":{"line":71,"column":2},"end":{"line":74,"column":null}},"26":{"start":{"line":71,"column":44},"end":{"line":74,"column":4}},"27":{"start":{"line":78,"column":2},"end":{"line":81,"column":null}},"28":{"start":{"line":78,"column":46},"end":{"line":81,"column":4}},"29":{"start":{"line":85,"column":2},"end":{"line":88,"column":null}},"30":{"start":{"line":85,"column":41},"end":{"line":88,"column":4}},"31":{"start":{"line":92,"column":2},"end":{"line":96,"column":null}},"32":{"start":{"line":93,"column":26},"end":{"line":93,"column":39}},"33":{"start":{"line":94,"column":4},"end":{"line":94,"column":null}},"34":{"start":{"line":94,"column":24},"end":{"line":94,"column":null}},"35":{"start":{"line":95,"column":4},"end":{"line":95,"column":null}},"36":{"start":{"line":100,"column":2},"end":{"line":106,"column":null}},"37":{"start":{"line":101,"column":26},"end":{"line":101,"column":39}},"38":{"start":{"line":102,"column":4},"end":{"line":104,"column":5}},"39":{"start":{"line":103,"column":6},"end":{"line":103,"column":null}},"40":{"start":{"line":105,"column":4},"end":{"line":105,"column":null}},"41":{"start":{"line":110,"column":2},"end":{"line":116,"column":null}},"42":{"start":{"line":111,"column":4},"end":{"line":114,"column":5}},"43":{"start":{"line":112,"column":28},"end":{"line":112,"column":41}},"44":{"start":{"line":113,"column":6},"end":{"line":113,"column":null}},"45":{"start":{"line":113,"column":26},"end":{"line":113,"column":null}},"46":{"start":{"line":115,"column":4},"end":{"line":115,"column":null}},"47":{"start":{"line":120,"column":2},"end":{"line":131,"column":null}},"48":{"start":{"line":121,"column":27},"end":{"line":121,"column":29}},"49":{"start":{"line":122,"column":15},"end":{"line":122,"column":20}},"50":{"start":{"line":124,"column":4},"end":{"line":129,"column":5}},"51":{"start":{"line":125,"column":6},"end":{"line":125,"column":null}},"52":{"start":{"line":125,"column":30},"end":{"line":125,"column":null}},"53":{"start":{"line":126,"column":8},"end":{"line":126,"column":null}},"54":{"start":{"line":127,"column":6},"end":{"line":127,"column":null}},"55":{"start":{"line":127,"column":26},"end":{"line":127,"column":null}},"56":{"start":{"line":128,"column":6},"end":{"line":128,"column":null}},"57":{"start":{"line":130,"column":4},"end":{"line":130,"column":null}},"58":{"start":{"line":135,"column":2},"end":{"line":152,"column":null}},"59":{"start":{"line":136,"column":25},"end":{"line":136,"column":27}},"60":{"start":{"line":137,"column":15},"end":{"line":137,"column":20}},"61":{"start":{"line":139,"column":4},"end":{"line":150,"column":5}},"62":{"start":{"line":140,"column":6},"end":{"line":140,"column":null}},"63":{"start":{"line":140,"column":30},"end":{"line":140,"column":null}},"64":{"start":{"line":141,"column":6},"end":{"line":145,"column":7}},"65":{"start":{"line":142,"column":31},"end":{"line":142,"column":46}},"66":{"start":{"line":143,"column":8},"end":{"line":143,"column":34}},"67":{"start":{"line":143,"column":28},"end":{"line":143,"column":34}},"68":{"start":{"line":144,"column":8},"end":{"line":144,"column":null}},"69":{"start":{"line":146,"column":6},"end":{"line":146,"column":null}},"70":{"start":{"line":146,"column":30},"end":{"line":146,"column":null}},"71":{"start":{"line":147,"column":7},"end":{"line":147,"column":null}},"72":{"start":{"line":148,"column":6},"end":{"line":148,"column":31}},"73":{"start":{"line":148,"column":26},"end":{"line":148,"column":31}},"74":{"start":{"line":149,"column":6},"end":{"line":149,"column":null}},"75":{"start":{"line":151,"column":4},"end":{"line":151,"column":null}},"76":{"start":{"line":156,"column":16},"end":{"line":156,"column":70}},"77":{"start":{"line":157,"column":2},"end":{"line":161,"column":null}},"78":{"start":{"line":158,"column":18},"end":{"line":158,"column":36}},"79":{"start":{"line":159,"column":4},"end":{"line":159,"column":null}},"80":{"start":{"line":159,"column":24},"end":{"line":159,"column":null}},"81":{"start":{"line":160,"column":4},"end":{"line":160,"column":null}},"82":{"start":{"line":165,"column":2},"end":{"line":168,"column":null}},"83":{"start":{"line":166,"column":4},"end":{"line":166,"column":null}},"84":{"start":{"line":166,"column":32},"end":{"line":166,"column":null}},"85":{"start":{"line":167,"column":4},"end":{"line":167,"column":null}}},"fnMap":{"0":{"name":"parseFormula","decl":{"start":{"line":6,"column":16},"end":{"line":6,"column":28}},"loc":{"start":{"line":6,"column":43},"end":{"line":12,"column":1}}},"1":{"name":"lazy","decl":{"start":{"line":16,"column":9},"end":{"line":16,"column":13}},"loc":{"start":{"line":16,"column":44},"end":{"line":22,"column":1}}},"2":{"name":"(anonymous_2)","decl":{"start":{"line":18,"column":9},"end":{"line":18,"column":10}},"loc":{"start":{"line":18,"column":27},"end":{"line":21,"column":3}}},"3":{"name":"expr","decl":{"start":{"line":24,"column":9},"end":{"line":24,"column":13}},"loc":{"start":{"line":24,"column":13},"end":{"line":26,"column":1}}},"4":{"name":"func","decl":{"start":{"line":28,"column":9},"end":{"line":28,"column":13}},"loc":{"start":{"line":28,"column":13},"end":{"line":37,"column":1}}},"5":{"name":"(anonymous_5)","decl":{"start":{"line":32,"column":6},"end":{"line":32,"column":11}},"loc":{"start":{"line":32,"column":16},"end":{"line":36,"column":4}}},"6":{"name":"argList","decl":{"start":{"line":39,"column":9},"end":{"line":39,"column":16}},"loc":{"start":{"line":39,"column":16},"end":{"line":53,"column":1}}},"7":{"name":"(anonymous_7)","decl":{"start":{"line":48,"column":8},"end":{"line":48,"column":9}},"loc":{"start":{"line":48,"column":19},"end":{"line":48,"column":40}}},"8":{"name":"(anonymous_8)","decl":{"start":{"line":51,"column":4},"end":{"line":51,"column":5}},"loc":{"start":{"line":51,"column":15},"end":{"line":51,"column":26}}},"9":{"name":"field","decl":{"start":{"line":55,"column":9},"end":{"line":55,"column":14}},"loc":{"start":{"line":55,"column":14},"end":{"line":60,"column":1}}},"10":{"name":"(anonymous_10)","decl":{"start":{"line":56,"column":22},"end":{"line":56,"column":23}},"loc":{"start":{"line":56,"column":34},"end":{"line":59,"column":4}}},"11":{"name":"ident","decl":{"start":{"line":62,"column":9},"end":{"line":62,"column":14}},"loc":{"start":{"line":62,"column":14},"end":{"line":64,"column":1}}},"12":{"name":"literal","decl":{"start":{"line":66,"column":9},"end":{"line":66,"column":16}},"loc":{"start":{"line":66,"column":16},"end":{"line":68,"column":1}}},"13":{"name":"num","decl":{"start":{"line":70,"column":9},"end":{"line":70,"column":12}},"loc":{"start":{"line":70,"column":12},"end":{"line":75,"column":1}}},"14":{"name":"(anonymous_14)","decl":{"start":{"line":71,"column":34},"end":{"line":71,"column":39}},"loc":{"start":{"line":71,"column":44},"end":{"line":74,"column":4}}},"15":{"name":"str","decl":{"start":{"line":77,"column":9},"end":{"line":77,"column":12}},"loc":{"start":{"line":77,"column":12},"end":{"line":82,"column":1}}},"16":{"name":"(anonymous_16)","decl":{"start":{"line":78,"column":36},"end":{"line":78,"column":41}},"loc":{"start":{"line":78,"column":46},"end":{"line":81,"column":4}}},"17":{"name":"bool","decl":{"start":{"line":84,"column":9},"end":{"line":84,"column":13}},"loc":{"start":{"line":84,"column":13},"end":{"line":89,"column":1}}},"18":{"name":"(anonymous_18)","decl":{"start":{"line":85,"column":31},"end":{"line":85,"column":36}},"loc":{"start":{"line":85,"column":41},"end":{"line":88,"column":4}}},"19":{"name":"map","decl":{"start":{"line":91,"column":9},"end":{"line":91,"column":12}},"loc":{"start":{"line":91,"column":59},"end":{"line":97,"column":1}}},"20":{"name":"(anonymous_20)","decl":{"start":{"line":92,"column":9},"end":{"line":92,"column":10}},"loc":{"start":{"line":92,"column":27},"end":{"line":96,"column":3}}},"21":{"name":"optional","decl":{"start":{"line":99,"column":9},"end":{"line":99,"column":17}},"loc":{"start":{"line":99,"column":38},"end":{"line":107,"column":1}}},"22":{"name":"(anonymous_22)","decl":{"start":{"line":100,"column":9},"end":{"line":100,"column":10}},"loc":{"start":{"line":100,"column":19},"end":{"line":106,"column":3}}},"23":{"name":"oneOf","decl":{"start":{"line":109,"column":9},"end":{"line":109,"column":14}},"loc":{"start":{"line":109,"column":50},"end":{"line":117,"column":1}}},"24":{"name":"(anonymous_24)","decl":{"start":{"line":110,"column":9},"end":{"line":110,"column":10}},"loc":{"start":{"line":110,"column":19},"end":{"line":116,"column":3}}},"25":{"name":"seq","decl":{"start":{"line":119,"column":9},"end":{"line":119,"column":12}},"loc":{"start":{"line":119,"column":75},"end":{"line":132,"column":1}}},"26":{"name":"(anonymous_26)","decl":{"start":{"line":120,"column":9},"end":{"line":120,"column":10}},"loc":{"start":{"line":120,"column":19},"end":{"line":131,"column":3}}},"27":{"name":"repeated","decl":{"start":{"line":134,"column":9},"end":{"line":134,"column":17}},"loc":{"start":{"line":134,"column":90},"end":{"line":153,"column":1}}},"28":{"name":"(anonymous_28)","decl":{"start":{"line":135,"column":9},"end":{"line":135,"column":10}},"loc":{"start":{"line":135,"column":19},"end":{"line":152,"column":3}}},"29":{"name":"re","decl":{"start":{"line":155,"column":9},"end":{"line":155,"column":11}},"loc":{"start":{"line":155,"column":27},"end":{"line":162,"column":1}}},"30":{"name":"(anonymous_30)","decl":{"start":{"line":157,"column":9},"end":{"line":157,"column":10}},"loc":{"start":{"line":157,"column":27},"end":{"line":161,"column":3}}},"31":{"name":"exactly","decl":{"start":{"line":164,"column":9},"end":{"line":164,"column":16}},"loc":{"start":{"line":164,"column":28},"end":{"line":169,"column":1}}},"32":{"name":"(anonymous_32)","decl":{"start":{"line":165,"column":9},"end":{"line":165,"column":10}},"loc":{"start":{"line":165,"column":27},"end":{"line":168,"column":3}}}},"branchMap":{"0":{"loc":{"start":{"line":7,"column":2},"end":{"line":7,"column":null}},"type":"if","locations":[{"start":{"line":7,"column":2},"end":{"line":7,"column":null}}]},"1":{"loc":{"start":{"line":9,"column":2},"end":{"line":9,"column":null}},"type":"if","locations":[{"start":{"line":9,"column":2},"end":{"line":9,"column":null}}]},"2":{"loc":{"start":{"line":10,"column":2},"end":{"line":10,"column":null}},"type":"if","locations":[{"start":{"line":10,"column":2},"end":{"line":10,"column":null}}]},"3":{"loc":{"start":{"line":51,"column":15},"end":{"line":51,"column":26}},"type":"binary-expr","locations":[{"start":{"line":51,"column":15},"end":{"line":51,"column":20}},{"start":{"line":51,"column":24},"end":{"line":51,"column":26}}]},"4":{"loc":{"start":{"line":94,"column":4},"end":{"line":94,"column":null}},"type":"if","locations":[{"start":{"line":94,"column":4},"end":{"line":94,"column":null}}]},"5":{"loc":{"start":{"line":102,"column":4},"end":{"line":104,"column":5}},"type":"if","locations":[{"start":{"line":102,"column":4},"end":{"line":104,"column":5}}]},"6":{"loc":{"start":{"line":113,"column":6},"end":{"line":113,"column":null}},"type":"if","locations":[{"start":{"line":113,"column":6},"end":{"line":113,"column":null}}]},"7":{"loc":{"start":{"line":119,"column":50},"end":{"line":119,"column":75}},"type":"default-arg","locations":[{"start":{"line":119,"column":71},"end":{"line":119,"column":75}}]},"8":{"loc":{"start":{"line":125,"column":6},"end":{"line":125,"column":null}},"type":"if","locations":[{"start":{"line":125,"column":6},"end":{"line":125,"column":null}}]},"9":{"loc":{"start":{"line":127,"column":6},"end":{"line":127,"column":null}},"type":"if","locations":[{"start":{"line":127,"column":6},"end":{"line":127,"column":null}}]},"10":{"loc":{"start":{"line":134,"column":65},"end":{"line":134,"column":90}},"type":"default-arg","locations":[{"start":{"line":134,"column":86},"end":{"line":134,"column":90}}]},"11":{"loc":{"start":{"line":140,"column":6},"end":{"line":140,"column":null}},"type":"if","locations":[{"start":{"line":140,"column":6},"end":{"line":140,"column":null}}]},"12":{"loc":{"start":{"line":141,"column":6},"end":{"line":145,"column":7}},"type":"if","locations":[{"start":{"line":141,"column":6},"end":{"line":145,"column":7}}]},"13":{"loc":{"start":{"line":141,"column":10},"end":{"line":141,"column":55}},"type":"binary-expr","locations":[{"start":{"line":141,"column":10},"end":{"line":141,"column":28}},{"start":{"line":141,"column":32},"end":{"line":141,"column":55}}]},"14":{"loc":{"start":{"line":143,"column":8},"end":{"line":143,"column":34}},"type":"if","locations":[{"start":{"line":143,"column":8},"end":{"line":143,"column":34}}]},"15":{"loc":{"start":{"line":146,"column":6},"end":{"line":146,"column":null}},"type":"if","locations":[{"start":{"line":146,"column":6},"end":{"line":146,"column":null}}]},"16":{"loc":{"start":{"line":148,"column":6},"end":{"line":148,"column":31}},"type":"if","locations":[{"start":{"line":148,"column":6},"end":{"line":148,"column":31}}]},"17":{"loc":{"start":{"line":159,"column":4},"end":{"line":159,"column":null}},"type":"if","locations":[{"start":{"line":159,"column":4},"end":{"line":159,"column":null}}]},"18":{"loc":{"start":{"line":166,"column":4},"end":{"line":166,"column":null}},"type":"if","locations":[{"start":{"line":166,"column":4},"end":{"line":166,"column":null}}]}},"s":{"0":1,"1":5,"2":0,"3":5,"4":5,"5":0,"6":5,"7":0,"8":5,"9":1,"10":1,"11":6,"12":6,"13":9,"14":9,"15":3,"16":3,"17":3,"18":3,"19":3,"20":3,"21":3,"22":0,"23":6,"24":3,"25":3,"26":1,"27":3,"28":2,"29":3,"30":1,"31":21,"32":35,"33":35,"34":22,"35":13,"36":3,"37":3,"38":3,"39":0,"40":3,"41":6,"42":18,"43":38,"44":38,"45":11,"46":7,"47":6,"48":8,"49":8,"50":8,"51":17,"52":17,"53":17,"54":17,"55":2,"56":15,"57":6,"58":3,"59":3,"60":3,"61":3,"62":5,"63":5,"64":5,"65":2,"66":2,"67":1,"68":1,"69":4,"70":4,"71":4,"72":4,"73":2,"74":2,"75":3,"76":15,"77":15,"78":29,"79":29,"80":22,"81":7,"82":9,"83":8,"84":1,"85":7},"f":{"0":5,"1":6,"2":9,"3":3,"4":3,"5":3,"6":3,"7":3,"8":3,"9":3,"10":0,"11":6,"12":3,"13":3,"14":1,"15":3,"16":2,"17":3,"18":1,"19":21,"20":35,"21":3,"22":3,"23":6,"24":18,"25":6,"26":8,"27":3,"28":3,"29":15,"30":29,"31":9,"32":8},"b":{"0":[0],"1":[0],"2":[0],"3":[3,0],"4":[22],"5":[0],"6":[11],"7":[6],"8":[17],"9":[2],"10":[3],"11":[5],"12":[2],"13":[5,2],"14":[1],"15":[4],"16":[2],"17":[22],"18":[1]}}
,"/Users/sanjughandhi/Documents/GitHub/genny-1/src/common/formulas/data/charsets.ts": {"path":"/Users/sanjughandhi/Documents/GitHub/genny-1/src/common/formulas/data/charsets.ts","statementMap":{"0":{"start":{"line":1,"column":0},"end":{"line":8,"column":null}}},"fnMap":{},"branchMap":{},"s":{"0":1},"f":{},"b":{}}
,"/Users/sanjughandhi/Documents/GitHub/genny-1/src/common/formulas/data/names_first.ts": {"path":"/Users/sanjughandhi/Documents/GitHub/genny-1/src/common/formulas/data/names_first.ts","statementMap":{"0":{"start":{"line":1,"column":0},"end":{"line":502,"column":null}}},"fnMap":{},"branchMap":{},"s":{"0":1},"f":{},"b":{}}
}
