TN:
SF:src/common/formulas/compiler.ts
FN:7,compileSchema
FN:8,(anonymous_1)
FN:10,(anonymous_2)
FN:12,(anonymous_3)
FN:19,(anonymous_4)
FN:29,compileFormula
FN:34,compileNode
FN:47,compileLiteral
FN:48,(anonymous_8)
FN:51,compileField
FN:52,(anonymous_10)
FN:62,compileFunc
FN:72,(anonymous_12)
FN:73,(anonymous_13)
FNF:14
FNH:4
FNDA:0,compileSchema
FNDA:0,(anonymous_1)
FNDA:0,(anonymous_2)
FNDA:0,(anonymous_3)
FNDA:0,(anonymous_4)
FNDA:1,compileFormula
FNDA:1,compileNode
FNDA:0,compileLiteral
FNDA:0,(anonymous_8)
FNDA:0,compileField
FNDA:0,(anonymous_10)
FNDA:1,compileFunc
FNDA:1,(anonymous_12)
FNDA:0,(anonymous_13)
DA:1,1
DA:3,1
DA:4,1
DA:7,1
DA:8,0
DA:10,0
DA:11,0
DA:12,0
DA:18,0
DA:20,0
DA:21,0
DA:22,0
DA:23,0
DA:25,0
DA:29,1
DA:30,1
DA:31,1
DA:35,1
DA:39,0
DA:41,0
DA:43,1
DA:48,0
DA:52,0
DA:53,0
DA:54,0
DA:55,0
DA:56,0
DA:58,0
DA:63,1
DA:65,1
DA:66,0
DA:67,0
DA:70,1
DA:72,1
DA:73,1
DA:74,1
LF:36
LH:15
BRDA:20,0,0,0
BRDA:35,1,0,0
BRDA:35,1,1,0
BRDA:35,1,2,0
BRDA:35,1,3,0
BRDA:35,1,4,1
BRDA:54,2,0,0
BRDA:55,3,0,0
BRDA:65,4,0,0
BRDA:66,5,0,0
BRF:10
BRH:1
end_of_record
TN:
SF:src/common/formulas/errors.ts
FN:2,(anonymous_0)
FNF:1
FNH:0
FNDA:0,(anonymous_0)
DA:1,1
DA:3,0
LF:2
LH:1
BRF:0
BRH:0
end_of_record
TN:
SF:src/common/formulas/functions.ts
FN:9,getParamType
FN:51,(anonymous_1)
FN:61,(anonymous_2)
FN:77,(anonymous_3)
FN:112,(anonymous_4)
FN:114,(anonymous_5)
FN:123,(anonymous_6)
FN:137,(anonymous_7)
FN:145,(anonymous_8)
FN:150,(anonymous_9)
FN:168,(anonymous_10)
FN:176,(anonymous_11)
FN:177,(anonymous_12)
FN:182,(anonymous_13)
FN:185,(anonymous_14)
FN:196,(anonymous_15)
FN:209,(anonymous_16)
FN:216,(anonymous_17)
FN:222,(anonymous_18)
FN:231,(anonymous_19)
FN:261,(anonymous_20)
FNF:21
FNH:7
FNDA:0,getParamType
FNDA:9,(anonymous_1)
FNDA:9,(anonymous_2)
FNDA:1,(anonymous_3)
FNDA:1,(anonymous_4)
FNDA:0,(anonymous_5)
FNDA:0,(anonymous_6)
FNDA:0,(anonymous_7)
FNDA:0,(anonymous_8)
FNDA:0,(anonymous_9)
FNDA:0,(anonymous_10)
FNDA:6,(anonymous_11)
FNDA:0,(anonymous_12)
FNDA:0,(anonymous_13)
FNDA:0,(anonymous_14)
FNDA:0,(anonymous_15)
FNDA:1,(anonymous_16)
FNDA:0,(anonymous_17)
FNDA:0,(anonymous_18)
FNDA:0,(anonymous_19)
FNDA:9,(anonymous_20)
DA:1,1
DA:2,1
DA:3,1
DA:5,1
DA:10,0
DA:12,0
DA:14,0
DA:16,0
DA:18,0
DA:52,9
DA:53,9
DA:55,9
DA:56,9
DA:58,9
DA:62,9
DA:63,9
DA:64,8
DA:65,8
DA:66,0
DA:67,8
DA:68,6
DA:71,8
DA:72,0
DA:79,1
DA:81,1
DA:82,0
DA:83,0
DA:85,0
DA:86,0
DA:87,0
DA:90,0
DA:91,0
DA:92,0
DA:95,0
DA:96,0
DA:97,0
DA:102,0
DA:105,1
DA:106,0
DA:109,1
DA:113,1
DA:114,0
DA:117,1
DA:121,1
DA:124,0
DA:125,0
DA:126,0
DA:127,0
DA:131,1
DA:137,0
DA:145,0
DA:151,0
DA:153,0
DA:155,0
DA:157,0
DA:168,0
DA:176,6
DA:177,0
DA:184,0
DA:185,0
DA:197,0
DA:198,0
DA:199,0
DA:200,0
DA:201,0
DA:202,0
DA:209,1
DA:216,0
DA:222,0
DA:233,0
DA:234,0
DA:235,0
DA:238,0
DA:239,0
DA:241,0
DA:242,0
DA:244,0
DA:245,0
DA:246,0
DA:247,0
DA:248,0
DA:249,0
DA:250,0
DA:251,0
DA:252,0
DA:254,0
DA:257,0
DA:261,9
LF:88
LH:27
BRDA:10,0,0,0
BRDA:10,0,1,0
BRDA:10,0,2,0
BRDA:10,0,3,0
BRDA:65,1,0,0
BRDA:65,1,1,8
BRDA:65,2,0,8
BRDA:65,2,1,2
BRDA:67,3,0,6
BRDA:71,4,0,0
BRDA:71,5,0,8
BRDA:71,5,1,1
BRDA:85,6,0,0
BRDA:86,7,0,0
BRDA:91,8,0,0
BRDA:95,9,0,0
BRDA:95,9,1,0
BRDA:97,10,0,0
BRDA:102,11,0,0
BRDA:102,12,0,0
BRDA:102,12,1,0
BRDA:105,13,0,0
BRDA:113,14,0,0
BRDA:124,15,0,0
BRDA:125,16,0,0
BRDA:127,17,0,0
BRDA:127,17,1,0
BRDA:127,17,2,0
BRDA:151,18,0,0
BRDA:151,18,1,0
BRDA:151,18,2,0
BRDA:151,19,0,0
BRDA:151,19,1,0
BRDA:184,20,0,0
BRDA:184,20,1,0
BRDA:197,21,0,0
BRDA:197,21,1,0
BRDA:198,22,0,0
BRDA:198,22,1,0
BRDA:233,23,0,0
BRDA:233,24,0,0
BRDA:233,24,1,0
BRDA:234,25,0,0
BRDA:234,26,0,0
BRDA:234,26,1,0
BRDA:234,26,2,0
BRDA:238,27,0,0
BRDA:238,28,0,0
BRDA:238,28,1,0
BRDA:238,28,2,0
BRDA:241,29,0,0
BRDA:241,30,0,0
BRDA:241,30,1,0
BRDA:241,30,2,0
BRDA:244,31,0,0
BRDA:244,31,1,0
BRDA:245,32,0,0
BRDA:245,32,1,0
BRDA:248,33,0,0
BRDA:248,33,1,0
BRDA:249,34,0,0
BRDA:249,34,1,0
BRDA:250,35,0,0
BRDA:250,36,0,0
BRDA:250,36,1,0
BRDA:250,36,2,0
BRF:66
BRH:6
end_of_record
TN:
SF:src/common/formulas/parser.ts
FN:6,parseFormula
FN:16,lazy
FN:18,(anonymous_2)
FN:24,expr
FN:28,func
FN:32,(anonymous_5)
FN:39,argList
FN:48,(anonymous_7)
FN:51,(anonymous_8)
FN:55,field
FN:56,(anonymous_10)
FN:62,ident
FN:66,literal
FN:70,num
FN:71,(anonymous_14)
FN:77,str
FN:78,(anonymous_16)
FN:84,bool
FN:85,(anonymous_18)
FN:91,map
FN:92,(anonymous_20)
FN:99,optional
FN:100,(anonymous_22)
FN:109,oneOf
FN:110,(anonymous_24)
FN:119,seq
FN:120,(anonymous_26)
FN:134,repeated
FN:135,(anonymous_28)
FN:155,re
FN:157,(anonymous_30)
FN:164,exactly
FN:165,(anonymous_32)
FNF:33
FNH:32
FNDA:5,parseFormula
FNDA:6,lazy
FNDA:9,(anonymous_2)
FNDA:3,expr
FNDA:3,func
FNDA:3,(anonymous_5)
FNDA:3,argList
FNDA:3,(anonymous_7)
FNDA:3,(anonymous_8)
FNDA:3,field
FNDA:0,(anonymous_10)
FNDA:6,ident
FNDA:3,literal
FNDA:3,num
FNDA:1,(anonymous_14)
FNDA:3,str
FNDA:2,(anonymous_16)
FNDA:3,bool
FNDA:1,(anonymous_18)
FNDA:21,map
FNDA:35,(anonymous_20)
FNDA:3,optional
FNDA:3,(anonymous_22)
FNDA:6,oneOf
FNDA:18,(anonymous_24)
FNDA:6,seq
FNDA:8,(anonymous_26)
FNDA:3,repeated
FNDA:3,(anonymous_28)
FNDA:15,re
FNDA:29,(anonymous_30)
FNDA:9,exactly
FNDA:8,(anonymous_32)
DA:1,1
DA:6,1
DA:7,5
DA:8,5
DA:9,5
DA:10,5
DA:11,5
DA:14,1
DA:17,6
DA:18,6
DA:19,9
DA:20,9
DA:25,3
DA:29,3
DA:32,3
DA:40,3
DA:48,3
DA:51,3
DA:56,3
DA:63,6
DA:67,3
DA:71,3
DA:78,3
DA:85,3
DA:92,21
DA:93,35
DA:94,35
DA:95,13
DA:100,3
DA:101,3
DA:102,3
DA:103,0
DA:105,3
DA:110,6
DA:111,18
DA:112,38
DA:113,38
DA:115,7
DA:120,6
DA:121,8
DA:122,8
DA:124,8
DA:125,17
DA:126,17
DA:127,17
DA:128,15
DA:130,6
DA:135,3
DA:136,3
DA:137,3
DA:139,3
DA:140,5
DA:141,5
DA:142,2
DA:143,2
DA:144,1
DA:146,4
DA:147,4
DA:148,4
DA:149,2
DA:151,3
DA:156,15
DA:157,15
DA:158,29
DA:159,29
DA:160,7
DA:165,9
DA:166,8
DA:167,7
LF:69
LH:68
BRDA:7,0,0,0
BRDA:9,1,0,0
BRDA:10,2,0,0
BRDA:51,3,0,3
BRDA:51,3,1,0
BRDA:94,4,0,22
BRDA:102,5,0,0
BRDA:113,6,0,11
BRDA:119,7,0,6
BRDA:125,8,0,17
BRDA:127,9,0,2
BRDA:134,10,0,3
BRDA:140,11,0,5
BRDA:141,12,0,2
BRDA:141,13,0,5
BRDA:141,13,1,2
BRDA:143,14,0,1
BRDA:146,15,0,4
BRDA:148,16,0,2
BRDA:159,17,0,22
BRDA:166,18,0,1
BRF:21
BRH:16
end_of_record
TN:
SF:src/common/formulas/data/charsets.ts
FNF:0
FNH:0
DA:1,1
LF:1
LH:1
BRF:0
BRH:0
end_of_record
TN:
SF:src/common/formulas/data/names_first.ts
FNF:0
FNH:0
DA:1,1
LF:1
LH:1
BRF:0
BRH:0
end_of_record
